Determining if the pthread_create exist failed with the following output:
Change Dir: /nfs/home/bblaincastelli/workspace/CS480BlainCastelli/PA3/build/CMakeFiles/CMakeTmp

Run Build Command:"/usr/bin/make" "cmTC_9e79c/fast"
/usr/bin/make -f CMakeFiles/cmTC_9e79c.dir/build.make CMakeFiles/cmTC_9e79c.dir/build
make[1]: Entering directory '/nfs/home/bblaincastelli/workspace/CS480BlainCastelli/PA3/build/CMakeFiles/CMakeTmp'
Building C object CMakeFiles/cmTC_9e79c.dir/CheckSymbolExists.c.o
/usr/bin/cc     -o CMakeFiles/cmTC_9e79c.dir/CheckSymbolExists.c.o   -c /nfs/home/bblaincastelli/workspace/CS480BlainCastelli/PA3/build/CMakeFiles/CMakeTmp/CheckSymbolExists.c
Linking C executable cmTC_9e79c
/usr/bin/cmake -E cmake_link_script CMakeFiles/cmTC_9e79c.dir/link.txt --verbose=1
/usr/bin/cc       CMakeFiles/cmTC_9e79c.dir/CheckSymbolExists.c.o  -o cmTC_9e79c -rdynamic 
CMakeFiles/cmTC_9e79c.dir/CheckSymbolExists.c.o: In function `main':
CheckSymbolExists.c:(.text+0x16): undefined reference to `pthread_create'
collect2: error: ld returned 1 exit status
CMakeFiles/cmTC_9e79c.dir/build.make:97: recipe for target 'cmTC_9e79c' failed
make[1]: *** [cmTC_9e79c] Error 1
make[1]: Leaving directory '/nfs/home/bblaincastelli/workspace/CS480BlainCastelli/PA3/build/CMakeFiles/CMakeTmp'
Makefile:126: recipe for target 'cmTC_9e79c/fast' failed
make: *** [cmTC_9e79c/fast] Error 2

File /nfs/home/bblaincastelli/workspace/CS480BlainCastelli/PA3/build/CMakeFiles/CMakeTmp/CheckSymbolExists.c:
/* */
#include <pthread.h>

int main(int argc, char** argv)
{
  (void)argv;
#ifndef pthread_create
  return ((int*)(&pthread_create))[argc];
#else
  (void)argc;
  return 0;
#endif
}

Determining if the function pthread_create exists in the pthreads failed with the following output:
Change Dir: /nfs/home/bblaincastelli/workspace/CS480BlainCastelli/PA3/build/CMakeFiles/CMakeTmp

Run Build Command:"/usr/bin/make" "cmTC_5e508/fast"
/usr/bin/make -f CMakeFiles/cmTC_5e508.dir/build.make CMakeFiles/cmTC_5e508.dir/build
make[1]: Entering directory '/nfs/home/bblaincastelli/workspace/CS480BlainCastelli/PA3/build/CMakeFiles/CMakeTmp'
Building C object CMakeFiles/cmTC_5e508.dir/CheckFunctionExists.c.o
/usr/bin/cc    -DCHECK_FUNCTION_EXISTS=pthread_create   -o CMakeFiles/cmTC_5e508.dir/CheckFunctionExists.c.o   -c /usr/share/cmake-3.5/Modules/CheckFunctionExists.c
Linking C executable cmTC_5e508
/usr/bin/cmake -E cmake_link_script CMakeFiles/cmTC_5e508.dir/link.txt --verbose=1
/usr/bin/cc   -DCHECK_FUNCTION_EXISTS=pthread_create    CMakeFiles/cmTC_5e508.dir/CheckFunctionExists.c.o  -o cmTC_5e508 -rdynamic -lpthreads 
/usr/bin/ld: cannot find -lpthreads
collect2: error: ld returned 1 exit status
CMakeFiles/cmTC_5e508.dir/build.make:97: recipe for target 'cmTC_5e508' failed
make[1]: *** [cmTC_5e508] Error 1
make[1]: Leaving directory '/nfs/home/bblaincastelli/workspace/CS480BlainCastelli/PA3/build/CMakeFiles/CMakeTmp'
Makefile:126: recipe for target 'cmTC_5e508/fast' failed
make: *** [cmTC_5e508/fast] Error 2


