Determining if the pthread_create exist failed with the following output:
Change Dir: /nfs/home/ryanfox/workspace/cs480Fox/PA4/build/CMakeFiles/CMakeTmp

Run Build Command:"/usr/bin/make" "cmTC_05468/fast"
/usr/bin/make -f CMakeFiles/cmTC_05468.dir/build.make CMakeFiles/cmTC_05468.dir/build
make[1]: Entering directory '/nfs/home/ryanfox/workspace/cs480Fox/PA4/build/CMakeFiles/CMakeTmp'
Building C object CMakeFiles/cmTC_05468.dir/CheckSymbolExists.c.o
/usr/bin/cc     -o CMakeFiles/cmTC_05468.dir/CheckSymbolExists.c.o   -c /nfs/home/ryanfox/workspace/cs480Fox/PA4/build/CMakeFiles/CMakeTmp/CheckSymbolExists.c
Linking C executable cmTC_05468
/usr/bin/cmake -E cmake_link_script CMakeFiles/cmTC_05468.dir/link.txt --verbose=1
/usr/bin/cc       CMakeFiles/cmTC_05468.dir/CheckSymbolExists.c.o  -o cmTC_05468 -rdynamic 
CMakeFiles/cmTC_05468.dir/CheckSymbolExists.c.o: In function `main':
CheckSymbolExists.c:(.text+0x16): undefined reference to `pthread_create'
collect2: error: ld returned 1 exit status
CMakeFiles/cmTC_05468.dir/build.make:97: recipe for target 'cmTC_05468' failed
make[1]: *** [cmTC_05468] Error 1
make[1]: Leaving directory '/nfs/home/ryanfox/workspace/cs480Fox/PA4/build/CMakeFiles/CMakeTmp'
Makefile:126: recipe for target 'cmTC_05468/fast' failed
make: *** [cmTC_05468/fast] Error 2

File /nfs/home/ryanfox/workspace/cs480Fox/PA4/build/CMakeFiles/CMakeTmp/CheckSymbolExists.c:
/* */
#include <pthread.h>

int main(int argc, char** argv)
{
  (void)argv;
#ifndef pthread_create
  return ((int*)(&pthread_create))[argc];
#else
  (void)argc;
  return 0;
#endif
}

Determining if the function pthread_create exists in the pthreads failed with the following output:
Change Dir: /nfs/home/ryanfox/workspace/cs480Fox/PA4/build/CMakeFiles/CMakeTmp

Run Build Command:"/usr/bin/make" "cmTC_a0d4a/fast"
/usr/bin/make -f CMakeFiles/cmTC_a0d4a.dir/build.make CMakeFiles/cmTC_a0d4a.dir/build
make[1]: Entering directory '/nfs/home/ryanfox/workspace/cs480Fox/PA4/build/CMakeFiles/CMakeTmp'
Building C object CMakeFiles/cmTC_a0d4a.dir/CheckFunctionExists.c.o
/usr/bin/cc    -DCHECK_FUNCTION_EXISTS=pthread_create   -o CMakeFiles/cmTC_a0d4a.dir/CheckFunctionExists.c.o   -c /usr/share/cmake-3.5/Modules/CheckFunctionExists.c
Linking C executable cmTC_a0d4a
/usr/bin/cmake -E cmake_link_script CMakeFiles/cmTC_a0d4a.dir/link.txt --verbose=1
/usr/bin/cc   -DCHECK_FUNCTION_EXISTS=pthread_create    CMakeFiles/cmTC_a0d4a.dir/CheckFunctionExists.c.o  -o cmTC_a0d4a -rdynamic -lpthreads 
/usr/bin/ld: cannot find -lpthreads
collect2: error: ld returned 1 exit status
CMakeFiles/cmTC_a0d4a.dir/build.make:97: recipe for target 'cmTC_a0d4a' failed
make[1]: *** [cmTC_a0d4a] Error 1
make[1]: Leaving directory '/nfs/home/ryanfox/workspace/cs480Fox/PA4/build/CMakeFiles/CMakeTmp'
Makefile:126: recipe for target 'cmTC_a0d4a/fast' failed
make: *** [cmTC_a0d4a/fast] Error 2


