Determining if the pthread_create exist failed with the following output:
Change Dir: /nfs/home/ryanfox/workspace/cs480Fox/PA1/build/CMakeFiles/CMakeTmp

Run Build Command:"/usr/bin/make" "cmTC_2993e/fast"
/usr/bin/make -f CMakeFiles/cmTC_2993e.dir/build.make CMakeFiles/cmTC_2993e.dir/build
make[1]: Entering directory '/nfs/home/ryanfox/workspace/cs480Fox/PA1/build/CMakeFiles/CMakeTmp'
Building C object CMakeFiles/cmTC_2993e.dir/CheckSymbolExists.c.o
/usr/bin/cc     -o CMakeFiles/cmTC_2993e.dir/CheckSymbolExists.c.o   -c /nfs/home/ryanfox/workspace/cs480Fox/PA1/build/CMakeFiles/CMakeTmp/CheckSymbolExists.c
Linking C executable cmTC_2993e
/usr/bin/cmake -E cmake_link_script CMakeFiles/cmTC_2993e.dir/link.txt --verbose=1
/usr/bin/cc       CMakeFiles/cmTC_2993e.dir/CheckSymbolExists.c.o  -o cmTC_2993e -rdynamic 
CMakeFiles/cmTC_2993e.dir/CheckSymbolExists.c.o: In function `main':
CheckSymbolExists.c:(.text+0x16): undefined reference to `pthread_create'
collect2: error: ld returned 1 exit status
CMakeFiles/cmTC_2993e.dir/build.make:97: recipe for target 'cmTC_2993e' failed
make[1]: *** [cmTC_2993e] Error 1
make[1]: Leaving directory '/nfs/home/ryanfox/workspace/cs480Fox/PA1/build/CMakeFiles/CMakeTmp'
Makefile:126: recipe for target 'cmTC_2993e/fast' failed
make: *** [cmTC_2993e/fast] Error 2

File /nfs/home/ryanfox/workspace/cs480Fox/PA1/build/CMakeFiles/CMakeTmp/CheckSymbolExists.c:
/* */
#include <pthread.h>

int main(int argc, char** argv)
{
  (void)argv;
#ifndef pthread_create
  return ((int*)(&pthread_create))[argc];
#else
  (void)argc;
  return 0;
#endif
}

Determining if the function pthread_create exists in the pthreads failed with the following output:
Change Dir: /nfs/home/ryanfox/workspace/cs480Fox/PA1/build/CMakeFiles/CMakeTmp

Run Build Command:"/usr/bin/make" "cmTC_53ce7/fast"
/usr/bin/make -f CMakeFiles/cmTC_53ce7.dir/build.make CMakeFiles/cmTC_53ce7.dir/build
make[1]: Entering directory '/nfs/home/ryanfox/workspace/cs480Fox/PA1/build/CMakeFiles/CMakeTmp'
Building C object CMakeFiles/cmTC_53ce7.dir/CheckFunctionExists.c.o
/usr/bin/cc    -DCHECK_FUNCTION_EXISTS=pthread_create   -o CMakeFiles/cmTC_53ce7.dir/CheckFunctionExists.c.o   -c /usr/share/cmake-3.5/Modules/CheckFunctionExists.c
Linking C executable cmTC_53ce7
/usr/bin/cmake -E cmake_link_script CMakeFiles/cmTC_53ce7.dir/link.txt --verbose=1
/usr/bin/cc   -DCHECK_FUNCTION_EXISTS=pthread_create    CMakeFiles/cmTC_53ce7.dir/CheckFunctionExists.c.o  -o cmTC_53ce7 -rdynamic -lpthreads 
/usr/bin/ld: cannot find -lpthreads
collect2: error: ld returned 1 exit status
CMakeFiles/cmTC_53ce7.dir/build.make:97: recipe for target 'cmTC_53ce7' failed
make[1]: *** [cmTC_53ce7] Error 1
make[1]: Leaving directory '/nfs/home/ryanfox/workspace/cs480Fox/PA1/build/CMakeFiles/CMakeTmp'
Makefile:126: recipe for target 'cmTC_53ce7/fast' failed
make: *** [cmTC_53ce7/fast] Error 2


