Determining if the pthread_create exist failed with the following output:
Change Dir: /nfs/home/bblaincastelli/cs480Fox-master/PA5/build/CMakeFiles/CMakeTmp

Run Build Command:"/usr/bin/make" "cmTC_0adf1/fast"
/usr/bin/make -f CMakeFiles/cmTC_0adf1.dir/build.make CMakeFiles/cmTC_0adf1.dir/build
make[1]: Entering directory '/nfs/home/bblaincastelli/cs480Fox-master/PA5/build/CMakeFiles/CMakeTmp'
Building C object CMakeFiles/cmTC_0adf1.dir/CheckSymbolExists.c.o
/usr/bin/cc     -o CMakeFiles/cmTC_0adf1.dir/CheckSymbolExists.c.o   -c /nfs/home/bblaincastelli/cs480Fox-master/PA5/build/CMakeFiles/CMakeTmp/CheckSymbolExists.c
Linking C executable cmTC_0adf1
/usr/bin/cmake -E cmake_link_script CMakeFiles/cmTC_0adf1.dir/link.txt --verbose=1
/usr/bin/cc       CMakeFiles/cmTC_0adf1.dir/CheckSymbolExists.c.o  -o cmTC_0adf1 -rdynamic 
CMakeFiles/cmTC_0adf1.dir/CheckSymbolExists.c.o: In function `main':
CheckSymbolExists.c:(.text+0x16): undefined reference to `pthread_create'
collect2: error: ld returned 1 exit status
CMakeFiles/cmTC_0adf1.dir/build.make:97: recipe for target 'cmTC_0adf1' failed
make[1]: *** [cmTC_0adf1] Error 1
make[1]: Leaving directory '/nfs/home/bblaincastelli/cs480Fox-master/PA5/build/CMakeFiles/CMakeTmp'
Makefile:126: recipe for target 'cmTC_0adf1/fast' failed
make: *** [cmTC_0adf1/fast] Error 2

File /nfs/home/bblaincastelli/cs480Fox-master/PA5/build/CMakeFiles/CMakeTmp/CheckSymbolExists.c:
/* */
#include <pthread.h>

int main(int argc, char** argv)
{
  (void)argv;
#ifndef pthread_create
  return ((int*)(&pthread_create))[argc];
#else
  (void)argc;
  return 0;
#endif
}

Determining if the function pthread_create exists in the pthreads failed with the following output:
Change Dir: /nfs/home/bblaincastelli/cs480Fox-master/PA5/build/CMakeFiles/CMakeTmp

Run Build Command:"/usr/bin/make" "cmTC_b6e59/fast"
/usr/bin/make -f CMakeFiles/cmTC_b6e59.dir/build.make CMakeFiles/cmTC_b6e59.dir/build
make[1]: Entering directory '/nfs/home/bblaincastelli/cs480Fox-master/PA5/build/CMakeFiles/CMakeTmp'
Building C object CMakeFiles/cmTC_b6e59.dir/CheckFunctionExists.c.o
/usr/bin/cc    -DCHECK_FUNCTION_EXISTS=pthread_create   -o CMakeFiles/cmTC_b6e59.dir/CheckFunctionExists.c.o   -c /usr/share/cmake-3.5/Modules/CheckFunctionExists.c
Linking C executable cmTC_b6e59
/usr/bin/cmake -E cmake_link_script CMakeFiles/cmTC_b6e59.dir/link.txt --verbose=1
/usr/bin/cc   -DCHECK_FUNCTION_EXISTS=pthread_create    CMakeFiles/cmTC_b6e59.dir/CheckFunctionExists.c.o  -o cmTC_b6e59 -rdynamic -lpthreads 
/usr/bin/ld: cannot find -lpthreads
collect2: error: ld returned 1 exit status
CMakeFiles/cmTC_b6e59.dir/build.make:97: recipe for target 'cmTC_b6e59' failed
make[1]: *** [cmTC_b6e59] Error 1
make[1]: Leaving directory '/nfs/home/bblaincastelli/cs480Fox-master/PA5/build/CMakeFiles/CMakeTmp'
Makefile:126: recipe for target 'cmTC_b6e59/fast' failed
make: *** [cmTC_b6e59/fast] Error 2


