Determining if the pthread_create exist failed with the following output:
Change Dir: /home/fox/workspace/cs480Fox/PA2/build/CMakeFiles/CMakeTmp

Run Build Command:"/usr/bin/make" "cmTryCompileExec435308500/fast"
/usr/bin/make -f CMakeFiles/cmTryCompileExec435308500.dir/build.make CMakeFiles/cmTryCompileExec435308500.dir/build
make[1]: Entering directory `/home/fox/workspace/cs480Fox/PA2/build/CMakeFiles/CMakeTmp'
/usr/bin/cmake -E cmake_progress_report /home/fox/workspace/cs480Fox/PA2/build/CMakeFiles/CMakeTmp/CMakeFiles 1
Building C object CMakeFiles/cmTryCompileExec435308500.dir/CheckSymbolExists.c.o
/usr/bin/cc    -o CMakeFiles/cmTryCompileExec435308500.dir/CheckSymbolExists.c.o   -c /home/fox/workspace/cs480Fox/PA2/build/CMakeFiles/CMakeTmp/CheckSymbolExists.c
Linking C executable cmTryCompileExec435308500
/usr/bin/cmake -E cmake_link_script CMakeFiles/cmTryCompileExec435308500.dir/link.txt --verbose=1
/usr/bin/cc       CMakeFiles/cmTryCompileExec435308500.dir/CheckSymbolExists.c.o  -o cmTryCompileExec435308500 -rdynamic 
CMakeFiles/cmTryCompileExec435308500.dir/CheckSymbolExists.c.o: In function `main':
CheckSymbolExists.c:(.text+0x16): undefined reference to `pthread_create'
collect2: error: ld returned 1 exit status
make[1]: *** [cmTryCompileExec435308500] Error 1
make[1]: Leaving directory `/home/fox/workspace/cs480Fox/PA2/build/CMakeFiles/CMakeTmp'
make: *** [cmTryCompileExec435308500/fast] Error 2

File /home/fox/workspace/cs480Fox/PA2/build/CMakeFiles/CMakeTmp/CheckSymbolExists.c:
/* */
#include <pthread.h>

int main(int argc, char** argv)
{
  (void)argv;
#ifndef pthread_create
  return ((int*)(&pthread_create))[argc];
#else
  (void)argc;
  return 0;
#endif
}

Determining if the function pthread_create exists in the pthreads failed with the following output:
Change Dir: /home/fox/workspace/cs480Fox/PA2/build/CMakeFiles/CMakeTmp

Run Build Command:"/usr/bin/make" "cmTryCompileExec1155762160/fast"
/usr/bin/make -f CMakeFiles/cmTryCompileExec1155762160.dir/build.make CMakeFiles/cmTryCompileExec1155762160.dir/build
make[1]: Entering directory `/home/fox/workspace/cs480Fox/PA2/build/CMakeFiles/CMakeTmp'
/usr/bin/cmake -E cmake_progress_report /home/fox/workspace/cs480Fox/PA2/build/CMakeFiles/CMakeTmp/CMakeFiles 1
Building C object CMakeFiles/cmTryCompileExec1155762160.dir/CheckFunctionExists.c.o
/usr/bin/cc   -DCHECK_FUNCTION_EXISTS=pthread_create   -o CMakeFiles/cmTryCompileExec1155762160.dir/CheckFunctionExists.c.o   -c /usr/share/cmake-3.2/Modules/CheckFunctionExists.c
Linking C executable cmTryCompileExec1155762160
/usr/bin/cmake -E cmake_link_script CMakeFiles/cmTryCompileExec1155762160.dir/link.txt --verbose=1
/usr/bin/cc   -DCHECK_FUNCTION_EXISTS=pthread_create    CMakeFiles/cmTryCompileExec1155762160.dir/CheckFunctionExists.c.o  -o cmTryCompileExec1155762160 -rdynamic -lpthreads 
/usr/bin/ld: cannot find -lpthreads
collect2: error: ld returned 1 exit status
make[1]: *** [cmTryCompileExec1155762160] Error 1
make[1]: Leaving directory `/home/fox/workspace/cs480Fox/PA2/build/CMakeFiles/CMakeTmp'
make: *** [cmTryCompileExec1155762160/fast] Error 2


